<?xml version="1.0" encoding="UTF-8"?>
<!-- Generated by org.testng.reporters.JUnitReportReporter -->
<testsuite hostname="Chand" failures="0" tests="1" name="practise.HandlingDynamicWebTable" time="24.396" errors="0" timestamp="2021-11-09T22:48:07 IST" skipped="0">
  <testcase classname="practise.HandlingDynamicWebTable" name="webTable" time="24.396"/>
  <system-out/>
</testsuite> <!-- practise.HandlingDynamicWebTable -->
