<?xml version="1.0" encoding="UTF-8"?>
<!-- Generated by org.testng.reporters.JUnitReportReporter -->
<testsuite skipped="2" hostname="LAPTOP-A42B5ES7" name="com.vtiger.createOrgTest.CreateOrgTest" tests="2" failures="0" timestamp="8 Nov 2021 07:23:44 GMT" time="0.004" errors="0">
  <testcase name="createOrgWithIndustries" time="0.002" classname="com.vtiger.createOrgTest.CreateOrgTest">
    <skipped/>
  </testcase> <!-- createOrgWithIndustries -->
  <testcase name="createOrg" time="0.002" classname="com.vtiger.createOrgTest.CreateOrgTest">
    <skipped/>
  </testcase> <!-- createOrg -->
</testsuite> <!-- com.vtiger.createOrgTest.CreateOrgTest -->
