<?xml version="1.0" encoding="UTF-8"?>
<!-- Generated by org.testng.reporters.JUnitReportReporter -->
<testsuite skipped="1" hostname="LAPTOP-A42B5ES7" name="com.vtiger.createContactTest.CreateContactWithOrgTest" tests="1" failures="0" timestamp="3 Nov 2021 08:14:34 GMT" time="0.001" errors="0">
  <testcase name="createContact" time="0.001" classname="com.vtiger.createContactTest.CreateContactWithOrgTest">
    <skipped/>
  </testcase> <!-- createContact -->
</testsuite> <!-- com.vtiger.createContactTest.CreateContactWithOrgTest -->
