<?xml version="1.0" encoding="UTF-8"?>
<!-- Generated by org.testng.reporters.JUnitReportReporter -->
<testsuite skipped="0" hostname="LAPTOP-A42B5ES7" name="practise1test.DataDrivenScript3" tests="1" failures="0" timestamp="28 Oct 2021 14:45:14 GMT" time="39.295" errors="0">
  <testcase name="createOrg" time="39.295" classname="practise1test.DataDrivenScript3"/>
</testsuite> <!-- practise1test.DataDrivenScript3 -->
