<?xml version="1.0" encoding="UTF-8"?>
<!-- Generated by org.testng.reporters.JUnitReportReporter -->
<testsuite skipped="0" hostname="LAPTOP-A42B5ES7" name="com.vtiger.createOrgTest.createOrgWithIndTest" tests="1" failures="0" timestamp="2 Nov 2021 11:17:43 GMT" time="37.214" errors="0">
  <testcase name="createOrgWithIndustries" time="37.214" classname="com.vtiger.createOrgTest.createOrgWithIndTest"/>
</testsuite> <!-- com.vtiger.createOrgTest.createOrgWithIndTest -->
