<?xml version="1.0" encoding="UTF-8"?>
<!-- Generated by org.testng.reporters.JUnitReportReporter -->
<testsuite skipped="0" hostname="LAPTOP-A42B5ES7" name="generic.NewDataDrivenCmdTest" tests="1" failures="0" timestamp="28 Oct 2021 15:22:25 GMT" time="37.661" errors="0">
  <testcase name="create" time="37.661" classname="generic.NewDataDrivenCmdTest"/>
</testsuite> <!-- generic.NewDataDrivenCmdTest -->
