<?xml version="1.0" encoding="UTF-8"?>
<!-- Generated by org.testng.reporters.JUnitReportReporter -->
<testsuite hostname="Chand" failures="0" tests="1" name="practise.ClearTrip" time="22.789" errors="0" timestamp="2021-11-12T20:33:16 IST" skipped="0">
  <testcase classname="practise.ClearTrip" name="bookTicket" time="22.789"/>
  <system-out/>
</testsuite> <!-- practise.ClearTrip -->
