<?xml version="1.0" encoding="UTF-8"?>
<!-- Generated by org.testng.reporters.JUnitReportReporter -->
<testsuite skipped="0" hostname="LAPTOP-A42B5ES7" name="practise.Practise1" tests="5" failures="0" timestamp="2 Nov 2021 15:10:36 GMT" time="0.008" errors="0">
  <testcase name="bookTicket" time="0.005" classname="practise.Practise1"/>
  <testcase name="bookTicket" time="0.000" classname="practise.Practise1"/>
  <testcase name="bookTicket" time="0.001" classname="practise.Practise1"/>
  <testcase name="bookTicket" time="0.001" classname="practise.Practise1"/>
  <testcase name="bookTicket" time="0.001" classname="practise.Practise1"/>
</testsuite> <!-- practise.Practise1 -->
