<?xml version="1.0" encoding="UTF-8"?>
<!-- Generated by org.testng.reporters.JUnitReportReporter -->
<testsuite skipped="0" hostname="LAPTOP-A42B5ES7" name="practise1.DataDrivenScript1" tests="1" failures="0" timestamp="27 Oct 2021 15:05:27 GMT" time="27.984" errors="0">
  <testcase name="createOrg" time="27.984" classname="practise1.DataDrivenScript1"/>
</testsuite> <!-- practise1.DataDrivenScript1 -->
