<?xml version="1.0" encoding="UTF-8"?>
<!-- Generated by org.testng.reporters.JUnitReportReporter -->
<testsuite skipped="0" hostname="LAPTOP-A42B5ES7" name="practise1.DataDrivenScript4" tests="1" failures="0" timestamp="28 Oct 2021 07:43:00 GMT" time="30.907" errors="0">
  <testcase name="createOrgWithIndustries" time="30.907" classname="practise1.DataDrivenScript4"/>
</testsuite> <!-- practise1.DataDrivenScript4 -->
