<?xml version="1.0" encoding="UTF-8"?>
<!-- Generated by org.testng.reporters.JUnitReportReporter -->
<testsuite skipped="0" hostname="LAPTOP-A42B5ES7" name="practise.Demo1" tests="1" failures="0" timestamp="27 Oct 2021 06:13:05 GMT" time="6.854" errors="0">
  <testcase name="script2" time="6.854" classname="practise.Demo1"/>
</testsuite> <!-- practise.Demo1 -->
