<?xml version="1.0" encoding="UTF-8"?>
<!-- Generated by org.testng.reporters.JUnitReportReporter -->
<testsuite skipped="0" hostname="LAPTOP-A42B5ES7" name="com.vtiger.createContactTest.CreateContact" tests="1" failures="0" timestamp="30 Oct 2021 11:52:41 GMT" time="19.384" errors="0">
  <testcase name="createContact" time="19.384" classname="com.vtiger.createContactTest.CreateContact"/>
</testsuite> <!-- com.vtiger.createContactTest.CreateContact -->
